<?xml version="1.0" encoding="UTF-8"?>
<testsuite xmlns:xsi="http://www.w3.org/2001/XMLSchema-instance" xsi:noNamespaceSchemaLocation="https://maven.apache.org/surefire/maven-surefire-plugin/xsd/surefire-test-report.xsd" name="com.gp_scheduling.GpSchedulingApplicationTests" time="0.141" tests="1" errors="1" skipped="0" failures="0">
  <properties>
[...]
</properties>
  <testcase name="contextLoads" classname="com.gp_scheduling.GpSchedulingApplicationTests" time="0.002">
    <error message="Unresolved compilation problem: &#10;	The declared package &quot;com.example.gp_scheduling&quot; does not match the expected package &quot;com.gp_scheduling&quot;&#10;" type="java.lang.Error"><![CDATA[java.lang.Error: 
Unresolved compilation problem: 
	The declared package "com.example.gp_scheduling" does not match the expected package "com.gp_scheduling"

	at com.gp_scheduling.GpSchedulingApplicationTests.<init>(web_server.java:1)
]]></error>
    <system-out><![CDATA[02:06:10.436 [main] DEBUG org.springframework.test.context.BootstrapUtils - Instantiating CacheAwareContextLoaderDelegate from class [org.springframework.test.context.cache.DefaultCacheAwareContextLoaderDelegate]
02:06:10.436 [main] DEBUG org.springframework.test.context.BootstrapUtils - Instantiating BootstrapContext using constructor [public org.springframework.test.context.support.DefaultBootstrapContext(java.lang.Class,org.springframework.test.context.CacheAwareContextLoaderDelegate)]
02:06:10.437 [main] DEBUG org.springframework.test.context.BootstrapUtils - Instantiating TestContextBootstrapper for test class [com.gp_scheduling.GpSchedulingApplicationTests] from class [org.springframework.boot.test.context.SpringBootTestContextBootstrapper]
02:06:10.437 [main] INFO org.springframework.boot.test.context.SpringBootTestContextBootstrapper - Neither @ContextConfiguration nor @ContextHierarchy found for test class [com.gp_scheduling.GpSchedulingApplicationTests], using SpringBootContextLoader
02:06:10.438 [main] DEBUG org.springframework.test.context.support.AbstractContextLoader - Did not detect default resource location for test class [com.gp_scheduling.GpSchedulingApplicationTests]: class path resource [com/gp_scheduling/GpSchedulingApplicationTests-context.xml] does not exist
02:06:10.439 [main] DEBUG org.springframework.test.context.support.AbstractContextLoader - Did not detect default resource location for test class [com.gp_scheduling.GpSchedulingApplicationTests]: class path resource [com/gp_scheduling/GpSchedulingApplicationTestsContext.groovy] does not exist
02:06:10.439 [main] INFO org.springframework.test.context.support.AbstractContextLoader - Could not detect default resource locations for test class [com.gp_scheduling.GpSchedulingApplicationTests]: no resource found for suffixes {-context.xml, Context.groovy}.
02:06:10.439 [main] INFO org.springframework.test.context.support.AnnotationConfigContextLoaderUtils - Could not detect default configuration classes for test class [com.gp_scheduling.GpSchedulingApplicationTests]: GpSchedulingApplicationTests does not declare any static, non-private, non-final, nested classes annotated with @Configuration.
02:06:10.441 [main] DEBUG org.springframework.test.context.support.ActiveProfilesUtils - Could not find an 'annotation declaring class' for annotation type [org.springframework.test.context.ActiveProfiles] and class [com.gp_scheduling.GpSchedulingApplicationTests]
02:06:10.475 [main] DEBUG org.springframework.context.annotation.ClassPathScanningCandidateComponentProvider - Identified candidate component class: file [/home/aryaman/uniwork/glowing-computing-machine/target/classes/com/gp_scheduling/web_server.class]
02:06:10.476 [main] INFO org.springframework.boot.test.context.SpringBootTestContextBootstrapper - Found @SpringBootConfiguration com.gp_scheduling.web_server for test class com.gp_scheduling.GpSchedulingApplicationTests
02:06:10.562 [main] DEBUG org.springframework.boot.test.context.SpringBootTestContextBootstrapper - @TestExecutionListeners is not present for class [com.gp_scheduling.GpSchedulingApplicationTests]: using defaults.
02:06:10.563 [main] INFO org.springframework.boot.test.context.SpringBootTestContextBootstrapper - Loaded default TestExecutionListener class names from location [META-INF/spring.factories]: [org.springframework.boot.test.mock.mockito.MockitoTestExecutionListener, org.springframework.boot.test.mock.mockito.ResetMocksTestExecutionListener, org.springframework.boot.test.autoconfigure.restdocs.RestDocsTestExecutionListener, org.springframework.boot.test.autoconfigure.web.client.MockRestServiceServerResetTestExecutionListener, org.springframework.boot.test.autoconfigure.web.servlet.MockMvcPrintOnlyOnFailureTestExecutionListener, org.springframework.boot.test.autoconfigure.web.servlet.WebDriverTestExecutionListener, org.springframework.boot.test.autoconfigure.webservices.client.MockWebServiceServerTestExecutionListener, org.springframework.test.context.web.ServletTestExecutionListener, org.springframework.test.context.support.DirtiesContextBeforeModesTestExecutionListener, org.springframework.test.context.event.ApplicationEventsTestExecutionListener, org.springframework.test.context.support.DependencyInjectionTestExecutionListener, org.springframework.test.context.support.DirtiesContextTestExecutionListener, org.springframework.test.context.transaction.TransactionalTestExecutionListener, org.springframework.test.context.jdbc.SqlScriptsTestExecutionListener, org.springframework.test.context.event.EventPublishingTestExecutionListener]
02:06:10.576 [main] INFO org.springframework.boot.test.context.SpringBootTestContextBootstrapper - Using TestExecutionListeners: [org.springframework.test.context.web.ServletTestExecutionListener@38ba6ce3, org.springframework.test.context.support.DirtiesContextBeforeModesTestExecutionListener@d278d2b, org.springframework.test.context.event.ApplicationEventsTestExecutionListener@2d6c53fc, org.springframework.boot.test.mock.mockito.MockitoTestExecutionListener@25f4878b, org.springframework.boot.test.autoconfigure.SpringBootDependencyInjectionTestExecutionListener@4e423aa2, org.springframework.test.context.support.DirtiesContextTestExecutionListener@7fbdb894, org.springframework.test.context.transaction.TransactionalTestExecutionListener@3081f72c, org.springframework.test.context.jdbc.SqlScriptsTestExecutionListener@3148f668, org.springframework.test.context.event.EventPublishingTestExecutionListener@6e005dc9, org.springframework.boot.test.mock.mockito.ResetMocksTestExecutionListener@7ceb3185, org.springframework.boot.test.autoconfigure.restdocs.RestDocsTestExecutionListener@436c81a3, org.springframework.boot.test.autoconfigure.web.client.MockRestServiceServerResetTestExecutionListener@3561c410, org.springframework.boot.test.autoconfigure.web.servlet.MockMvcPrintOnlyOnFailureTestExecutionListener@59e32960, org.springframework.boot.test.autoconfigure.web.servlet.WebDriverTestExecutionListener@7c214cc0, org.springframework.boot.test.autoconfigure.webservices.client.MockWebServiceServerTestExecutionListener@5b67bb7e]
02:06:10.581 [main] DEBUG org.springframework.test.context.support.AbstractDirtiesContextTestExecutionListener - Before test class: context [DefaultTestContext@59e505b2 testClass = GpSchedulingApplicationTests, testInstance = [null], testMethod = [null], testException = [null], mergedContextConfiguration = [WebMergedContextConfiguration@3af0a9da testClass = GpSchedulingApplicationTests, locations = '{}', classes = '{class com.gp_scheduling.web_server}', contextInitializerClasses = '[]', activeProfiles = '{}', propertySourceLocations = '{}', propertySourceProperties = '{org.springframework.boot.test.context.SpringBootTestContextBootstrapper=true}', contextCustomizers = set[org.springframework.boot.test.context.filter.ExcludeFilterContextCustomizer@568ff82, org.springframework.boot.test.json.DuplicateJsonObjectContextCustomizerFactory$DuplicateJsonObjectContextCustomizer@5ab9e72c, org.springframework.boot.test.mock.mockito.MockitoContextCustomizer@0, org.springframework.boot.test.web.client.TestRestTemplateContextCustomizer@1329eff, org.springframework.boot.test.autoconfigure.actuate.metrics.MetricsExportContextCustomizerFactory$DisableMetricExportContextCustomizer@76f2bbc1, org.springframework.boot.test.autoconfigure.properties.PropertyMappingContextCustomizer@0, org.springframework.boot.test.autoconfigure.web.servlet.WebDriverContextCustomizerFactory$Customizer@6a6afff2, org.springframework.boot.test.context.SpringBootTestArgs@1, org.springframework.boot.test.context.SpringBootTestWebEnvironment@5f9d02cb], resourceBasePath = 'src/main/webapp', contextLoader = 'org.springframework.boot.test.context.SpringBootContextLoader', parent = [null]], attributes = map['org.springframework.test.context.web.ServletTestExecutionListener.activateListener' -> true]], class annotated with @DirtiesContext [false] with mode [null].
]]></system-out>
  </testcase>
</testsuite>